[INFO] - 2025-01-25T03:18:44.405Z - 
[INFO] - 2025-01-25T03:18:44.406Z - [SEARCH_API] Session check:
[INFO] - 2025-01-25T03:18:44.406Z - [SEARCH_API] Searching with term:
[INFO] - 2025-01-25T03:18:44.593Z - [SEARCH_API] Search results:
[INFO] - 2025-01-25T03:19:01.938Z - 
[INFO] - 2025-01-25T03:19:01.939Z - [SEARCH_API] Session check:
[INFO] - 2025-01-25T03:19:01.939Z - [SEARCH_API] Searching with term:
[INFO] - 2025-01-25T03:19:02.124Z - [SEARCH_API] Search results:
[INFO] - 2025-01-25T03:19:32.341Z - 
[INFO] - 2025-01-25T03:19:32.343Z - [SEARCH_API] Session check:
[INFO] - 2025-01-25T03:19:32.343Z - [SEARCH_API] Searching with term:
[INFO] - 2025-01-25T03:19:32.563Z - [SEARCH_API] Search results:
[INFO] - 2025-01-25T03:20:08.529Z - 
[INFO] - 2025-01-25T03:20:08.533Z - [SEARCH_API] Session check:
[INFO] - 2025-01-25T03:20:08.533Z - [SEARCH_API] Searching with term:
[INFO] - 2025-01-25T03:20:08.703Z - [SEARCH_API] Search results:
[INFO] - 2025-01-25T03:21:57.688Z - 
[INFO] - 2025-01-25T03:21:57.693Z - [SEARCH_API] Session check:
[INFO] - 2025-01-25T03:21:57.693Z - [SEARCH_API] Searching with term:
[INFO] - 2025-01-25T03:21:57.991Z - [SEARCH_API] Search results:
[INFO] - 2025-01-25T03:21:59.877Z - 
[INFO] - 2025-01-25T03:21:59.877Z - [SEARCH_API] Session check:
[INFO] - 2025-01-25T03:21:59.877Z - [SEARCH_API] Searching with term:
[INFO] - 2025-01-25T03:21:59.982Z - [SEARCH_API] Search results:
[INFO] - 2025-01-25T03:22:02.249Z - 
[INFO] - 2025-01-25T03:22:02.250Z - [UPDATE_ORG] Session check:
[INFO] - 2025-01-25T03:22:02.250Z - [UPDATE_ORG] Request body:
[INFO] - 2025-01-25T03:22:02.366Z - [UPDATE_ORG] Organization check:
[INFO] - 2025-01-25T03:22:02.460Z - [UPDATE_ORG] Profile update:
[INFO] - 2025-01-25T03:23:19.813Z - 
[INFO] - 2025-01-25T03:23:19.816Z - [SEARCH_API] Session check:
[INFO] - 2025-01-25T03:23:19.816Z - [SEARCH_API] Searching with term:
[INFO] - 2025-01-25T03:23:20.029Z - [SEARCH_API] Search results:
[INFO] - 2025-01-25T03:23:21.986Z - 
[INFO] - 2025-01-25T03:23:21.987Z - [SEARCH_API] Session check:
[INFO] - 2025-01-25T03:23:21.988Z - [SEARCH_API] Searching with term:
[INFO] - 2025-01-25T03:23:22.112Z - [SEARCH_API] Search results:
[INFO] - 2025-01-25T03:23:24.511Z - 
[INFO] - 2025-01-25T03:23:24.511Z - [UPDATE_ORG] Session check:
[INFO] - 2025-01-25T03:23:24.511Z - [UPDATE_ORG] Request body:
[INFO] - 2025-01-25T03:23:24.602Z - [UPDATE_ORG] Organization check:
[INFO] - 2025-01-25T03:23:24.703Z - [UPDATE_ORG] Profile update:
